\BOOKMARK [1][-]{section.1}{\376\377\000H\000i\000s\000t\000o\000r\000y\000\040\000o\000f\000\040\000W\000a\000r\000:\000\040\000U\000n\000\040\000c\000a\000m\000i\000n\000o\000\040\000p\000o\000r\000\040\000l\000a\000\040\000h\000i\000s\000t\000o\000r\000i\000a}{}% 1
\BOOKMARK [1][-]{section.2}{\376\377\000I\000n\000v\000e\000n\000t\000a\000r\000i\000o\000\040\000d\000e\000\040\000C\000o\000n\000t\000e\000n\000i\000d\000o}{}% 2
\BOOKMARK [1][-]{section.3}{\376\377\000A\000r\000q\000u\000i\000t\000e\000c\000t\000u\000r\000a\000\040\000d\000e\000\040\000l\000a\000\040\000I\000n\000f\000o\000r\000m\000a\000c\000i\000\363\000n}{}% 3
\BOOKMARK [1][-]{section.4}{\376\377\000C\000a\000s\000o\000s\000\040\000d\000e\000\040\000U\000s\000o\000\040\000T\000\355\000p\000i\000c\000o\000s}{}% 4
\BOOKMARK [1][-]{section.5}{\376\377\000M\000a\000p\000a\000\040\000d\000e\000\040\000N\000a\000v\000e\000g\000a\000c\000i\000\363\000n}{}% 5
\BOOKMARK [1][-]{section.6}{\376\377\000I\000n\000t\000e\000r\000f\000a\000c\000e\000s}{}% 6
\BOOKMARK [2][-]{subsection.6.1}{\376\377\000M\000a\000n\000u\000a\000l\000\040\000\050\000B\000o\000c\000e\000t\000o\000\040\000M\000a\000n\000u\000a\000l\000\051}{section.6}% 7
\BOOKMARK [2][-]{subsection.6.2}{\376\377\000W\000i\000r\000e\000f\000r\000a\000m\000e\000s}{section.6}% 8
\BOOKMARK [2][-]{subsection.6.3}{\376\377\000M\000o\000c\000k\000u\000p\000s}{section.6}% 9
\BOOKMARK [1][-]{section.7}{\376\377\000S\000t\000o\000r\000y\000b\000o\000a\000r\000d\000s}{}% 10
\BOOKMARK [1][-]{section.8}{\376\377\000E\000s\000t\000r\000u\000c\000t\000u\000r\000a\000\040\000d\000e\000\040\000F\000i\000c\000h\000e\000r\000o\000s\000\040\000y\000\040\000C\000a\000r\000p\000e\000t\000a\000s}{}% 11
\BOOKMARK [1][-]{section.9}{\376\377\000H\000T\000M\000L}{}% 12
\BOOKMARK [2][-]{subsection.9.1}{\376\377\000M\000a\000p\000a\000\040\000d\000e\000\040\000e\000t\000i\000q\000u\000e\000t\000a\000s}{section.9}% 13
\BOOKMARK [2][-]{subsection.9.2}{\376\377\000E\000s\000t\000r\000u\000c\000t\000u\000r\000a\000\040\000d\000e\000\040\000f\000i\000c\000h\000e\000r\000o\000s\000\040\000a\000c\000t\000u\000a\000l\000i\000z\000a\000d\000a}{section.9}% 14
\BOOKMARK [1][-]{section.10}{\376\377\000C\000S\000S}{}% 15
\BOOKMARK [2][-]{subsection.10.1}{\376\377\000F\000l\000e\000x\000i\000b\000l\000e\000\040\000G\000r\000i\000d\000s}{section.10}% 16
\BOOKMARK [2][-]{subsection.10.2}{\376\377\000C\000S\000S\000\040\000M\000u\000l\000t\000i\000c\000o\000l}{section.10}% 17
\BOOKMARK [2][-]{subsection.10.3}{\376\377\000F\000l\000e\000x\000\040\000C\000o\000n\000t\000a\000i\000n\000e\000r}{section.10}% 18
\BOOKMARK [2][-]{subsection.10.4}{\376\377\000C\000S\000S\000\040\000G\000r\000i\000d}{section.10}% 19
\BOOKMARK [2][-]{subsection.10.5}{\376\377\000B\000o\000o\000t\000s\000t\000r\000a\000p}{section.10}% 20
